<?xml version="1.0" encoding="UTF-8"?>
<!-- Generated by org.testng.reporters.JUnitReportReporter -->
<testsuite skipped="0" hostname="LAPTOP-I0USUBRR" name="testcases.Addemp_Testcase" tests="1" failures="0" timestamp="16 Jul 2020 09:20:41 GMT" time="52.394" errors="0">
  <testcase name="Addemp_HRM" time="52.394" classname="testcases.Addemp_Testcase"/>
</testsuite> <!-- testcases.Addemp_Testcase -->
