<?xml version="1.0" encoding="UTF-8"?>
<!-- Generated by org.testng.reporters.JUnitReportReporter -->
<testsuite skipped="0" hostname="LAPTOP-I0USUBRR" name="testcases.Login_TestCase" tests="1" failures="0" timestamp="16 Jul 2020 09:20:41 GMT" time="31.064" errors="0">
  <testcase name="login_HRM" time="31.064" classname="testcases.Login_TestCase"/>
</testsuite> <!-- testcases.Login_TestCase -->
